The target system is: Generic -  - 
The host system is: Darwin - 20.3.0 - arm64
Compiling the C compiler identification source file "CMakeCCompilerId.c" succeeded.
Compiler: /usr/local/homebrew/opt/avr-gcc@11/bin/avr-gcc 
Build flags: 
Id flags:  

The output was:
0


Compilation of the C compiler identification source "CMakeCCompilerId.c" produced "a.out"

The C compiler identification is GNU, found in "/Users/andersn/Fritid/Kabeltester/build/CMakeFiles/3.20.3/CompilerIdC/a.out"

Compiling the CXX compiler identification source file "CMakeCXXCompilerId.cpp" succeeded.
Compiler: /usr/local/homebrew/opt/avr-gcc@11/bin/avr-g++ 
Build flags: 
Id flags:  

The output was:
0


Compilation of the CXX compiler identification source "CMakeCXXCompilerId.cpp" produced "a.out"

The CXX compiler identification is GNU, found in "/Users/andersn/Fritid/Kabeltester/build/CMakeFiles/3.20.3/CompilerIdCXX/a.out"

Detecting C compiler ABI info compiled with the following output:
Change Dir: /Users/andersn/Fritid/Kabeltester/build/CMakeFiles/CMakeTmp

Run Build Command(s):/usr/bin/make -f Makefile cmTC_fa339/fast && /Library/Developer/CommandLineTools/usr/bin/make  -f CMakeFiles/cmTC_fa339.dir/build.make CMakeFiles/cmTC_fa339.dir/build
Building C object CMakeFiles/cmTC_fa339.dir/CMakeCCompilerABI.c.obj
/usr/local/homebrew/opt/avr-gcc@11/bin/avr-gcc   -v -o CMakeFiles/cmTC_fa339.dir/CMakeCCompilerABI.c.obj -c /opt/homebrew/Cellar/cmake/3.20.3/share/cmake/Modules/CMakeCCompilerABI.c
Using built-in specs.
Reading specs from /usr/local/homebrew/Cellar/avr-gcc@11/11.1.0_1/lib/avr-gcc/11/gcc/avr/11.1.0/device-specs/specs-avr2
COLLECT_GCC=/usr/local/homebrew/opt/avr-gcc@11/bin/avr-gcc
Target: avr
Configured with: ../configure --target=avr --prefix=/usr/local/homebrew/Cellar/avr-gcc@11/11.1.0_1 --libdir=/usr/local/homebrew/Cellar/avr-gcc@11/11.1.0_1/lib/avr-gcc/11 --enable-languages=c,c++ --with-ld=/usr/local/homebrew/opt/avr-binutils/bin/avr-ld --with-as=/usr/local/homebrew/opt/avr-binutils/bin/avr-as --disable-nls --disable-libssp --disable-shared --disable-threads --disable-libgomp --with-dwarf2 --with-avrlibc --with-system-zlib --with-pkgversion='Homebrew AVR GCC 11.1.0_1' --with-bugurl=https://github.com/osx-cross/homebrew-avr/issues SED=/usr/bin/sed
Thread model: single
Supported LTO compression algorithms: zlib
gcc version 11.1.0 (Homebrew AVR GCC 11.1.0_1) 
COLLECT_GCC_OPTIONS='-v' '-o' 'CMakeFiles/cmTC_fa339.dir/CMakeCCompilerABI.c.obj' '-c' '-mdouble=32' '-mlong-double=64' '-specs=device-specs/specs-avr2' '-dumpdir' 'CMakeFiles/cmTC_fa339.dir/'
 /usr/local/homebrew/Cellar/avr-gcc@11/11.1.0_1/libexec/gcc/avr/11.1.0/cc1 -quiet -v /opt/homebrew/Cellar/cmake/3.20.3/share/cmake/Modules/CMakeCCompilerABI.c -mn-flash=6 -mskip-bug -quiet -dumpdir CMakeFiles/cmTC_fa339.dir/ -dumpbase CMakeCCompilerABI.c.c -dumpbase-ext .c -mdouble=32 -mlong-double=64 -version -o /var/folders/j4/2mcjll591q9fl9n4_rp4w9g40000gn/T//ccXKbd9Y.s
GNU C17 (Homebrew AVR GCC 11.1.0_1) version 11.1.0 (avr)
	compiled by GNU C version Apple LLVM 12.0.5 (clang-1205.0.22.9), GMP version 6.2.1, MPFR version 4.1.0, MPC version 1.2.1, isl version isl-0.24-GMP

GGC heuristics: --param ggc-min-expand=100 --param ggc-min-heapsize=131072
ignoring nonexistent directory "/usr/local/homebrew/Cellar/avr-gcc@11/11.1.0_1/lib/avr-gcc/11/gcc/avr/11.1.0/../../../../../../avr/sys-include"
#include "..." search starts here:
#include <...> search starts here:
 /usr/local/homebrew/Cellar/avr-gcc@11/11.1.0_1/lib/avr-gcc/11/gcc/avr/11.1.0/include
 /usr/local/homebrew/Cellar/avr-gcc@11/11.1.0_1/lib/avr-gcc/11/gcc/avr/11.1.0/include-fixed
 /usr/local/homebrew/Cellar/avr-gcc@11/11.1.0_1/lib/avr-gcc/11/gcc/avr/11.1.0/../../../../../../avr/include
End of search list.
GNU C17 (Homebrew AVR GCC 11.1.0_1) version 11.1.0 (avr)
	compiled by GNU C version Apple LLVM 12.0.5 (clang-1205.0.22.9), GMP version 6.2.1, MPFR version 4.1.0, MPC version 1.2.1, isl version isl-0.24-GMP

GGC heuristics: --param ggc-min-expand=100 --param ggc-min-heapsize=131072
Compiler executable checksum: 2da0338dbc7f5010029fe6e46baa9170
COLLECT_GCC_OPTIONS='-v' '-o' 'CMakeFiles/cmTC_fa339.dir/CMakeCCompilerABI.c.obj' '-c' '-mdouble=32' '-mlong-double=64' '-specs=device-specs/specs-avr2' '-dumpdir' 'CMakeFiles/cmTC_fa339.dir/'
 /usr/local/homebrew/opt/avr-binutils/bin/avr-as -v -mmcu=avr2 -mgcc-isr -o CMakeFiles/cmTC_fa339.dir/CMakeCCompilerABI.c.obj /var/folders/j4/2mcjll591q9fl9n4_rp4w9g40000gn/T//ccXKbd9Y.s
GNU assembler version 2.36.1 (avr) using BFD version (GNU Binutils) 2.36.1
COMPILER_PATH=/usr/local/homebrew/Cellar/avr-gcc@11/11.1.0_1/libexec/gcc/avr/11.1.0/:/usr/local/homebrew/Cellar/avr-gcc@11/11.1.0_1/libexec/gcc/avr/11.1.0/:/usr/local/homebrew/Cellar/avr-gcc@11/11.1.0_1/libexec/gcc/avr/:/usr/local/homebrew/Cellar/avr-gcc@11/11.1.0_1/lib/avr-gcc/11/gcc/avr/11.1.0/:/usr/local/homebrew/Cellar/avr-gcc@11/11.1.0_1/lib/avr-gcc/11/gcc/avr/
LIBRARY_PATH=/usr/local/homebrew/Cellar/avr-gcc@11/11.1.0_1/lib/avr-gcc/11/gcc/avr/11.1.0/:/usr/local/homebrew/Cellar/avr-gcc@11/11.1.0_1/lib/avr-gcc/11/gcc/avr/11.1.0/../../../../../../avr/lib/
COLLECT_GCC_OPTIONS='-v' '-o' 'CMakeFiles/cmTC_fa339.dir/CMakeCCompilerABI.c.obj' '-c' '-mdouble=32' '-mlong-double=64' '-specs=device-specs/specs-avr2' '-dumpdir' 'CMakeFiles/cmTC_fa339.dir/CMakeCCompilerABI.c.'
Linking C executable cmTC_fa339
/opt/homebrew/Cellar/cmake/3.20.3/bin/cmake -E cmake_link_script CMakeFiles/cmTC_fa339.dir/link.txt --verbose=1
/usr/local/homebrew/opt/avr-gcc@11/bin/avr-gcc  -v CMakeFiles/cmTC_fa339.dir/CMakeCCompilerABI.c.obj -o cmTC_fa339 
Using built-in specs.
Reading specs from /usr/local/homebrew/Cellar/avr-gcc@11/11.1.0_1/lib/avr-gcc/11/gcc/avr/11.1.0/device-specs/specs-avr2
COLLECT_GCC=/usr/local/homebrew/opt/avr-gcc@11/bin/avr-gcc
COLLECT_LTO_WRAPPER=/usr/local/homebrew/Cellar/avr-gcc@11/11.1.0_1/libexec/gcc/avr/11.1.0/lto-wrapper
Target: avr
Configured with: ../configure --target=avr --prefix=/usr/local/homebrew/Cellar/avr-gcc@11/11.1.0_1 --libdir=/usr/local/homebrew/Cellar/avr-gcc@11/11.1.0_1/lib/avr-gcc/11 --enable-languages=c,c++ --with-ld=/usr/local/homebrew/opt/avr-binutils/bin/avr-ld --with-as=/usr/local/homebrew/opt/avr-binutils/bin/avr-as --disable-nls --disable-libssp --disable-shared --disable-threads --disable-libgomp --with-dwarf2 --with-avrlibc --with-system-zlib --with-pkgversion='Homebrew AVR GCC 11.1.0_1' --with-bugurl=https://github.com/osx-cross/homebrew-avr/issues SED=/usr/bin/sed
Thread model: single
Supported LTO compression algorithms: zlib
gcc version 11.1.0 (Homebrew AVR GCC 11.1.0_1) 
COMPILER_PATH=/usr/local/homebrew/Cellar/avr-gcc@11/11.1.0_1/libexec/gcc/avr/11.1.0/:/usr/local/homebrew/Cellar/avr-gcc@11/11.1.0_1/libexec/gcc/avr/11.1.0/:/usr/local/homebrew/Cellar/avr-gcc@11/11.1.0_1/libexec/gcc/avr/:/usr/local/homebrew/Cellar/avr-gcc@11/11.1.0_1/lib/avr-gcc/11/gcc/avr/11.1.0/:/usr/local/homebrew/Cellar/avr-gcc@11/11.1.0_1/lib/avr-gcc/11/gcc/avr/
LIBRARY_PATH=/usr/local/homebrew/Cellar/avr-gcc@11/11.1.0_1/lib/avr-gcc/11/gcc/avr/11.1.0/:/usr/local/homebrew/Cellar/avr-gcc@11/11.1.0_1/lib/avr-gcc/11/gcc/avr/11.1.0/../../../../../../avr/lib/
COLLECT_GCC_OPTIONS='-v' '-o' 'cmTC_fa339' '-mdouble=32' '-mlong-double=64' '-specs=device-specs/specs-avr2' '-dumpdir' 'cmTC_fa339.'
 /usr/local/homebrew/Cellar/avr-gcc@11/11.1.0_1/libexec/gcc/avr/11.1.0/collect2 -plugin /usr/local/homebrew/Cellar/avr-gcc@11/11.1.0_1/libexec/gcc/avr/11.1.0/liblto_plugin.so -plugin-opt=/usr/local/homebrew/Cellar/avr-gcc@11/11.1.0_1/libexec/gcc/avr/11.1.0/lto-wrapper -plugin-opt=-fresolution=/var/folders/j4/2mcjll591q9fl9n4_rp4w9g40000gn/T//ccYQRLqc.res -plugin-opt=-pass-through=-lgcc -plugin-opt=-pass-through=-lm -plugin-opt=-pass-through=-lc -o cmTC_fa339 -L/usr/local/homebrew/Cellar/avr-gcc@11/11.1.0_1/lib/avr-gcc/11/gcc/avr/11.1.0 -L/usr/local/homebrew/Cellar/avr-gcc@11/11.1.0_1/lib/avr-gcc/11/gcc/avr/11.1.0/../../../../../../avr/lib CMakeFiles/cmTC_fa339.dir/CMakeCCompilerABI.c.obj --start-group -lgcc -lm -lc --end-group
COLLECT_GCC_OPTIONS='-v' '-o' 'cmTC_fa339' '-mdouble=32' '-mlong-double=64' '-specs=device-specs/specs-avr2' '-dumpdir' 'cmTC_fa339.'



Parsed C implicit include dir info from above output: rv=done
  found start of include info
  found start of implicit include info
    add: [/usr/local/homebrew/Cellar/avr-gcc@11/11.1.0_1/lib/avr-gcc/11/gcc/avr/11.1.0/include]
    add: [/usr/local/homebrew/Cellar/avr-gcc@11/11.1.0_1/lib/avr-gcc/11/gcc/avr/11.1.0/include-fixed]
    add: [/usr/local/homebrew/Cellar/avr-gcc@11/11.1.0_1/lib/avr-gcc/11/gcc/avr/11.1.0/../../../../../../avr/include]
  end of search list found
  collapse include dir [/usr/local/homebrew/Cellar/avr-gcc@11/11.1.0_1/lib/avr-gcc/11/gcc/avr/11.1.0/include] ==> [/usr/local/homebrew/Cellar/avr-gcc@11/11.1.0_1/lib/avr-gcc/11/gcc/avr/11.1.0/include]
  collapse include dir [/usr/local/homebrew/Cellar/avr-gcc@11/11.1.0_1/lib/avr-gcc/11/gcc/avr/11.1.0/include-fixed] ==> [/usr/local/homebrew/Cellar/avr-gcc@11/11.1.0_1/lib/avr-gcc/11/gcc/avr/11.1.0/include-fixed]
  collapse include dir [/usr/local/homebrew/Cellar/avr-gcc@11/11.1.0_1/lib/avr-gcc/11/gcc/avr/11.1.0/../../../../../../avr/include] ==> [/usr/local/homebrew/Cellar/avr-gcc@11/11.1.0_1/avr/include]
  implicit include dirs: [/usr/local/homebrew/Cellar/avr-gcc@11/11.1.0_1/lib/avr-gcc/11/gcc/avr/11.1.0/include;/usr/local/homebrew/Cellar/avr-gcc@11/11.1.0_1/lib/avr-gcc/11/gcc/avr/11.1.0/include-fixed;/usr/local/homebrew/Cellar/avr-gcc@11/11.1.0_1/avr/include]


Parsed C implicit link information from above output:
  link line regex: [^( *|.*[/\])(avr-ld|CMAKE_LINK_STARTFILE-NOTFOUND|([^/\]+-)?ld|collect2)[^/\]*( |$)]
  ignore line: [Change Dir: /Users/andersn/Fritid/Kabeltester/build/CMakeFiles/CMakeTmp]
  ignore line: []
  ignore line: [Run Build Command(s):/usr/bin/make -f Makefile cmTC_fa339/fast && /Library/Developer/CommandLineTools/usr/bin/make  -f CMakeFiles/cmTC_fa339.dir/build.make CMakeFiles/cmTC_fa339.dir/build]
  ignore line: [Building C object CMakeFiles/cmTC_fa339.dir/CMakeCCompilerABI.c.obj]
  ignore line: [/usr/local/homebrew/opt/avr-gcc@11/bin/avr-gcc   -v -o CMakeFiles/cmTC_fa339.dir/CMakeCCompilerABI.c.obj -c /opt/homebrew/Cellar/cmake/3.20.3/share/cmake/Modules/CMakeCCompilerABI.c]
  ignore line: [Using built-in specs.]
  ignore line: [Reading specs from /usr/local/homebrew/Cellar/avr-gcc@11/11.1.0_1/lib/avr-gcc/11/gcc/avr/11.1.0/device-specs/specs-avr2]
  ignore line: [COLLECT_GCC=/usr/local/homebrew/opt/avr-gcc@11/bin/avr-gcc]
  ignore line: [Target: avr]
  ignore line: [Configured with: ../configure --target=avr --prefix=/usr/local/homebrew/Cellar/avr-gcc@11/11.1.0_1 --libdir=/usr/local/homebrew/Cellar/avr-gcc@11/11.1.0_1/lib/avr-gcc/11 --enable-languages=c,c++ --with-ld=/usr/local/homebrew/opt/avr-binutils/bin/avr-ld --with-as=/usr/local/homebrew/opt/avr-binutils/bin/avr-as --disable-nls --disable-libssp --disable-shared --disable-threads --disable-libgomp --with-dwarf2 --with-avrlibc --with-system-zlib --with-pkgversion='Homebrew AVR GCC 11.1.0_1' --with-bugurl=https://github.com/osx-cross/homebrew-avr/issues SED=/usr/bin/sed]
  ignore line: [Thread model: single]
  ignore line: [Supported LTO compression algorithms: zlib]
  ignore line: [gcc version 11.1.0 (Homebrew AVR GCC 11.1.0_1) ]
  ignore line: [COLLECT_GCC_OPTIONS='-v' '-o' 'CMakeFiles/cmTC_fa339.dir/CMakeCCompilerABI.c.obj' '-c' '-mdouble=32' '-mlong-double=64' '-specs=device-specs/specs-avr2' '-dumpdir' 'CMakeFiles/cmTC_fa339.dir/']
  ignore line: [ /usr/local/homebrew/Cellar/avr-gcc@11/11.1.0_1/libexec/gcc/avr/11.1.0/cc1 -quiet -v /opt/homebrew/Cellar/cmake/3.20.3/share/cmake/Modules/CMakeCCompilerABI.c -mn-flash=6 -mskip-bug -quiet -dumpdir CMakeFiles/cmTC_fa339.dir/ -dumpbase CMakeCCompilerABI.c.c -dumpbase-ext .c -mdouble=32 -mlong-double=64 -version -o /var/folders/j4/2mcjll591q9fl9n4_rp4w9g40000gn/T//ccXKbd9Y.s]
  ignore line: [GNU C17 (Homebrew AVR GCC 11.1.0_1) version 11.1.0 (avr)]
  ignore line: [	compiled by GNU C version Apple LLVM 12.0.5 (clang-1205.0.22.9)  GMP version 6.2.1  MPFR version 4.1.0  MPC version 1.2.1  isl version isl-0.24-GMP]
  ignore line: []
  ignore line: [GGC heuristics: --param ggc-min-expand=100 --param ggc-min-heapsize=131072]
  ignore line: [ignoring nonexistent directory "/usr/local/homebrew/Cellar/avr-gcc@11/11.1.0_1/lib/avr-gcc/11/gcc/avr/11.1.0/../../../../../../avr/sys-include"]
  ignore line: [#include "..." search starts here:]
  ignore line: [#include <...> search starts here:]
  ignore line: [ /usr/local/homebrew/Cellar/avr-gcc@11/11.1.0_1/lib/avr-gcc/11/gcc/avr/11.1.0/include]
  ignore line: [ /usr/local/homebrew/Cellar/avr-gcc@11/11.1.0_1/lib/avr-gcc/11/gcc/avr/11.1.0/include-fixed]
  ignore line: [ /usr/local/homebrew/Cellar/avr-gcc@11/11.1.0_1/lib/avr-gcc/11/gcc/avr/11.1.0/../../../../../../avr/include]
  ignore line: [End of search list.]
  ignore line: [GNU C17 (Homebrew AVR GCC 11.1.0_1) version 11.1.0 (avr)]
  ignore line: [	compiled by GNU C version Apple LLVM 12.0.5 (clang-1205.0.22.9)  GMP version 6.2.1  MPFR version 4.1.0  MPC version 1.2.1  isl version isl-0.24-GMP]
  ignore line: []
  ignore line: [GGC heuristics: --param ggc-min-expand=100 --param ggc-min-heapsize=131072]
  ignore line: [Compiler executable checksum: 2da0338dbc7f5010029fe6e46baa9170]
  ignore line: [COLLECT_GCC_OPTIONS='-v' '-o' 'CMakeFiles/cmTC_fa339.dir/CMakeCCompilerABI.c.obj' '-c' '-mdouble=32' '-mlong-double=64' '-specs=device-specs/specs-avr2' '-dumpdir' 'CMakeFiles/cmTC_fa339.dir/']
  ignore line: [ /usr/local/homebrew/opt/avr-binutils/bin/avr-as -v -mmcu=avr2 -mgcc-isr -o CMakeFiles/cmTC_fa339.dir/CMakeCCompilerABI.c.obj /var/folders/j4/2mcjll591q9fl9n4_rp4w9g40000gn/T//ccXKbd9Y.s]
  ignore line: [GNU assembler version 2.36.1 (avr) using BFD version (GNU Binutils) 2.36.1]
  ignore line: [COMPILER_PATH=/usr/local/homebrew/Cellar/avr-gcc@11/11.1.0_1/libexec/gcc/avr/11.1.0/:/usr/local/homebrew/Cellar/avr-gcc@11/11.1.0_1/libexec/gcc/avr/11.1.0/:/usr/local/homebrew/Cellar/avr-gcc@11/11.1.0_1/libexec/gcc/avr/:/usr/local/homebrew/Cellar/avr-gcc@11/11.1.0_1/lib/avr-gcc/11/gcc/avr/11.1.0/:/usr/local/homebrew/Cellar/avr-gcc@11/11.1.0_1/lib/avr-gcc/11/gcc/avr/]
  ignore line: [LIBRARY_PATH=/usr/local/homebrew/Cellar/avr-gcc@11/11.1.0_1/lib/avr-gcc/11/gcc/avr/11.1.0/:/usr/local/homebrew/Cellar/avr-gcc@11/11.1.0_1/lib/avr-gcc/11/gcc/avr/11.1.0/../../../../../../avr/lib/]
  ignore line: [COLLECT_GCC_OPTIONS='-v' '-o' 'CMakeFiles/cmTC_fa339.dir/CMakeCCompilerABI.c.obj' '-c' '-mdouble=32' '-mlong-double=64' '-specs=device-specs/specs-avr2' '-dumpdir' 'CMakeFiles/cmTC_fa339.dir/CMakeCCompilerABI.c.']
  ignore line: [Linking C executable cmTC_fa339]
  ignore line: [/opt/homebrew/Cellar/cmake/3.20.3/bin/cmake -E cmake_link_script CMakeFiles/cmTC_fa339.dir/link.txt --verbose=1]
  ignore line: [/usr/local/homebrew/opt/avr-gcc@11/bin/avr-gcc  -v CMakeFiles/cmTC_fa339.dir/CMakeCCompilerABI.c.obj -o cmTC_fa339 ]
  ignore line: [Using built-in specs.]
  ignore line: [Reading specs from /usr/local/homebrew/Cellar/avr-gcc@11/11.1.0_1/lib/avr-gcc/11/gcc/avr/11.1.0/device-specs/specs-avr2]
  ignore line: [COLLECT_GCC=/usr/local/homebrew/opt/avr-gcc@11/bin/avr-gcc]
  ignore line: [COLLECT_LTO_WRAPPER=/usr/local/homebrew/Cellar/avr-gcc@11/11.1.0_1/libexec/gcc/avr/11.1.0/lto-wrapper]
  ignore line: [Target: avr]
  ignore line: [Configured with: ../configure --target=avr --prefix=/usr/local/homebrew/Cellar/avr-gcc@11/11.1.0_1 --libdir=/usr/local/homebrew/Cellar/avr-gcc@11/11.1.0_1/lib/avr-gcc/11 --enable-languages=c,c++ --with-ld=/usr/local/homebrew/opt/avr-binutils/bin/avr-ld --with-as=/usr/local/homebrew/opt/avr-binutils/bin/avr-as --disable-nls --disable-libssp --disable-shared --disable-threads --disable-libgomp --with-dwarf2 --with-avrlibc --with-system-zlib --with-pkgversion='Homebrew AVR GCC 11.1.0_1' --with-bugurl=https://github.com/osx-cross/homebrew-avr/issues SED=/usr/bin/sed]
  ignore line: [Thread model: single]
  ignore line: [Supported LTO compression algorithms: zlib]
  ignore line: [gcc version 11.1.0 (Homebrew AVR GCC 11.1.0_1) ]
  ignore line: [COMPILER_PATH=/usr/local/homebrew/Cellar/avr-gcc@11/11.1.0_1/libexec/gcc/avr/11.1.0/:/usr/local/homebrew/Cellar/avr-gcc@11/11.1.0_1/libexec/gcc/avr/11.1.0/:/usr/local/homebrew/Cellar/avr-gcc@11/11.1.0_1/libexec/gcc/avr/:/usr/local/homebrew/Cellar/avr-gcc@11/11.1.0_1/lib/avr-gcc/11/gcc/avr/11.1.0/:/usr/local/homebrew/Cellar/avr-gcc@11/11.1.0_1/lib/avr-gcc/11/gcc/avr/]
  ignore line: [LIBRARY_PATH=/usr/local/homebrew/Cellar/avr-gcc@11/11.1.0_1/lib/avr-gcc/11/gcc/avr/11.1.0/:/usr/local/homebrew/Cellar/avr-gcc@11/11.1.0_1/lib/avr-gcc/11/gcc/avr/11.1.0/../../../../../../avr/lib/]
  ignore line: [COLLECT_GCC_OPTIONS='-v' '-o' 'cmTC_fa339' '-mdouble=32' '-mlong-double=64' '-specs=device-specs/specs-avr2' '-dumpdir' 'cmTC_fa339.']
  link line: [ /usr/local/homebrew/Cellar/avr-gcc@11/11.1.0_1/libexec/gcc/avr/11.1.0/collect2 -plugin /usr/local/homebrew/Cellar/avr-gcc@11/11.1.0_1/libexec/gcc/avr/11.1.0/liblto_plugin.so -plugin-opt=/usr/local/homebrew/Cellar/avr-gcc@11/11.1.0_1/libexec/gcc/avr/11.1.0/lto-wrapper -plugin-opt=-fresolution=/var/folders/j4/2mcjll591q9fl9n4_rp4w9g40000gn/T//ccYQRLqc.res -plugin-opt=-pass-through=-lgcc -plugin-opt=-pass-through=-lm -plugin-opt=-pass-through=-lc -o cmTC_fa339 -L/usr/local/homebrew/Cellar/avr-gcc@11/11.1.0_1/lib/avr-gcc/11/gcc/avr/11.1.0 -L/usr/local/homebrew/Cellar/avr-gcc@11/11.1.0_1/lib/avr-gcc/11/gcc/avr/11.1.0/../../../../../../avr/lib CMakeFiles/cmTC_fa339.dir/CMakeCCompilerABI.c.obj --start-group -lgcc -lm -lc --end-group]
    arg [/usr/local/homebrew/Cellar/avr-gcc@11/11.1.0_1/libexec/gcc/avr/11.1.0/collect2] ==> ignore
    arg [-plugin] ==> ignore
    arg [/usr/local/homebrew/Cellar/avr-gcc@11/11.1.0_1/libexec/gcc/avr/11.1.0/liblto_plugin.so] ==> ignore
    arg [-plugin-opt=/usr/local/homebrew/Cellar/avr-gcc@11/11.1.0_1/libexec/gcc/avr/11.1.0/lto-wrapper] ==> ignore
    arg [-plugin-opt=-fresolution=/var/folders/j4/2mcjll591q9fl9n4_rp4w9g40000gn/T//ccYQRLqc.res] ==> ignore
    arg [-plugin-opt=-pass-through=-lgcc] ==> ignore
    arg [-plugin-opt=-pass-through=-lm] ==> ignore
    arg [-plugin-opt=-pass-through=-lc] ==> ignore
    arg [-o] ==> ignore
    arg [cmTC_fa339] ==> ignore
    arg [-L/usr/local/homebrew/Cellar/avr-gcc@11/11.1.0_1/lib/avr-gcc/11/gcc/avr/11.1.0] ==> dir [/usr/local/homebrew/Cellar/avr-gcc@11/11.1.0_1/lib/avr-gcc/11/gcc/avr/11.1.0]
    arg [-L/usr/local/homebrew/Cellar/avr-gcc@11/11.1.0_1/lib/avr-gcc/11/gcc/avr/11.1.0/../../../../../../avr/lib] ==> dir [/usr/local/homebrew/Cellar/avr-gcc@11/11.1.0_1/lib/avr-gcc/11/gcc/avr/11.1.0/../../../../../../avr/lib]
    arg [CMakeFiles/cmTC_fa339.dir/CMakeCCompilerABI.c.obj] ==> ignore
    arg [--start-group] ==> ignore
    arg [-lgcc] ==> lib [gcc]
    arg [-lm] ==> lib [m]
    arg [-lc] ==> lib [c]
    arg [--end-group] ==> ignore
  collapse library dir [/usr/local/homebrew/Cellar/avr-gcc@11/11.1.0_1/lib/avr-gcc/11/gcc/avr/11.1.0] ==> [/usr/local/homebrew/Cellar/avr-gcc@11/11.1.0_1/lib/avr-gcc/11/gcc/avr/11.1.0]
  collapse library dir [/usr/local/homebrew/Cellar/avr-gcc@11/11.1.0_1/lib/avr-gcc/11/gcc/avr/11.1.0/../../../../../../avr/lib] ==> [/usr/local/homebrew/Cellar/avr-gcc@11/11.1.0_1/avr/lib]
  implicit libs: [gcc;m;c]
  implicit objs: []
  implicit dirs: [/usr/local/homebrew/Cellar/avr-gcc@11/11.1.0_1/lib/avr-gcc/11/gcc/avr/11.1.0;/usr/local/homebrew/Cellar/avr-gcc@11/11.1.0_1/avr/lib]
  implicit fwks: []


Detecting CXX compiler ABI info compiled with the following output:
Change Dir: /Users/andersn/Fritid/Kabeltester/build/CMakeFiles/CMakeTmp

Run Build Command(s):/usr/bin/make -f Makefile cmTC_1ac03/fast && /Library/Developer/CommandLineTools/usr/bin/make  -f CMakeFiles/cmTC_1ac03.dir/build.make CMakeFiles/cmTC_1ac03.dir/build
Building CXX object CMakeFiles/cmTC_1ac03.dir/CMakeCXXCompilerABI.cpp.obj
/usr/local/homebrew/opt/avr-gcc@11/bin/avr-g++   -v -o CMakeFiles/cmTC_1ac03.dir/CMakeCXXCompilerABI.cpp.obj -c /opt/homebrew/Cellar/cmake/3.20.3/share/cmake/Modules/CMakeCXXCompilerABI.cpp
Using built-in specs.
Reading specs from /usr/local/homebrew/Cellar/avr-gcc@11/11.1.0_1/lib/avr-gcc/11/gcc/avr/11.1.0/device-specs/specs-avr2
COLLECT_GCC=/usr/local/homebrew/opt/avr-gcc@11/bin/avr-g++
Target: avr
Configured with: ../configure --target=avr --prefix=/usr/local/homebrew/Cellar/avr-gcc@11/11.1.0_1 --libdir=/usr/local/homebrew/Cellar/avr-gcc@11/11.1.0_1/lib/avr-gcc/11 --enable-languages=c,c++ --with-ld=/usr/local/homebrew/opt/avr-binutils/bin/avr-ld --with-as=/usr/local/homebrew/opt/avr-binutils/bin/avr-as --disable-nls --disable-libssp --disable-shared --disable-threads --disable-libgomp --with-dwarf2 --with-avrlibc --with-system-zlib --with-pkgversion='Homebrew AVR GCC 11.1.0_1' --with-bugurl=https://github.com/osx-cross/homebrew-avr/issues SED=/usr/bin/sed
Thread model: single
Supported LTO compression algorithms: zlib
gcc version 11.1.0 (Homebrew AVR GCC 11.1.0_1) 
COLLECT_GCC_OPTIONS='-v' '-o' 'CMakeFiles/cmTC_1ac03.dir/CMakeCXXCompilerABI.cpp.obj' '-c' '-mdouble=32' '-mlong-double=64' '-specs=device-specs/specs-avr2' '-dumpdir' 'CMakeFiles/cmTC_1ac03.dir/'
 /usr/local/homebrew/Cellar/avr-gcc@11/11.1.0_1/libexec/gcc/avr/11.1.0/cc1plus -quiet -v /opt/homebrew/Cellar/cmake/3.20.3/share/cmake/Modules/CMakeCXXCompilerABI.cpp -mn-flash=6 -mskip-bug -quiet -dumpdir CMakeFiles/cmTC_1ac03.dir/ -dumpbase CMakeCXXCompilerABI.cpp.cpp -dumpbase-ext .cpp -mdouble=32 -mlong-double=64 -version -mn-flash=6 -mskip-bug -fno-rtti -fno-enforce-eh-specs -fno-exceptions -o /var/folders/j4/2mcjll591q9fl9n4_rp4w9g40000gn/T//ccoMvS15.s
GNU C++17 (Homebrew AVR GCC 11.1.0_1) version 11.1.0 (avr)
	compiled by GNU C version Apple LLVM 12.0.5 (clang-1205.0.22.9), GMP version 6.2.1, MPFR version 4.1.0, MPC version 1.2.1, isl version isl-0.24-GMP

GGC heuristics: --param ggc-min-expand=100 --param ggc-min-heapsize=131072
ignoring nonexistent directory "/usr/local/homebrew/Cellar/avr-gcc@11/11.1.0_1/lib/avr-gcc/11/gcc/avr/11.1.0/../../../../../../avr/include/c++/11.1.0"
ignoring nonexistent directory "/usr/local/homebrew/Cellar/avr-gcc@11/11.1.0_1/lib/avr-gcc/11/gcc/avr/11.1.0/../../../../../../avr/include/c++/11.1.0/avr"
ignoring nonexistent directory "/usr/local/homebrew/Cellar/avr-gcc@11/11.1.0_1/lib/avr-gcc/11/gcc/avr/11.1.0/../../../../../../avr/include/c++/11.1.0/backward"
ignoring nonexistent directory "/usr/local/homebrew/Cellar/avr-gcc@11/11.1.0_1/lib/avr-gcc/11/gcc/avr/11.1.0/../../../../../../avr/sys-include"
#include "..." search starts here:
#include <...> search starts here:
 /usr/local/homebrew/Cellar/avr-gcc@11/11.1.0_1/lib/avr-gcc/11/gcc/avr/11.1.0/include
 /usr/local/homebrew/Cellar/avr-gcc@11/11.1.0_1/lib/avr-gcc/11/gcc/avr/11.1.0/include-fixed
 /usr/local/homebrew/Cellar/avr-gcc@11/11.1.0_1/lib/avr-gcc/11/gcc/avr/11.1.0/../../../../../../avr/include
End of search list.
GNU C++17 (Homebrew AVR GCC 11.1.0_1) version 11.1.0 (avr)
	compiled by GNU C version Apple LLVM 12.0.5 (clang-1205.0.22.9), GMP version 6.2.1, MPFR version 4.1.0, MPC version 1.2.1, isl version isl-0.24-GMP

GGC heuristics: --param ggc-min-expand=100 --param ggc-min-heapsize=131072
Compiler executable checksum: 7f12f16f87ca2a71925441d6874636d8
COLLECT_GCC_OPTIONS='-v' '-o' 'CMakeFiles/cmTC_1ac03.dir/CMakeCXXCompilerABI.cpp.obj' '-c' '-mdouble=32' '-mlong-double=64' '-specs=device-specs/specs-avr2' '-dumpdir' 'CMakeFiles/cmTC_1ac03.dir/'
 /usr/local/homebrew/opt/avr-binutils/bin/avr-as -v -mmcu=avr2 -mgcc-isr -o CMakeFiles/cmTC_1ac03.dir/CMakeCXXCompilerABI.cpp.obj /var/folders/j4/2mcjll591q9fl9n4_rp4w9g40000gn/T//ccoMvS15.s
GNU assembler version 2.36.1 (avr) using BFD version (GNU Binutils) 2.36.1
COMPILER_PATH=/usr/local/homebrew/Cellar/avr-gcc@11/11.1.0_1/libexec/gcc/avr/11.1.0/:/usr/local/homebrew/Cellar/avr-gcc@11/11.1.0_1/libexec/gcc/avr/11.1.0/:/usr/local/homebrew/Cellar/avr-gcc@11/11.1.0_1/libexec/gcc/avr/:/usr/local/homebrew/Cellar/avr-gcc@11/11.1.0_1/lib/avr-gcc/11/gcc/avr/11.1.0/:/usr/local/homebrew/Cellar/avr-gcc@11/11.1.0_1/lib/avr-gcc/11/gcc/avr/
LIBRARY_PATH=/usr/local/homebrew/Cellar/avr-gcc@11/11.1.0_1/lib/avr-gcc/11/gcc/avr/11.1.0/:/usr/local/homebrew/Cellar/avr-gcc@11/11.1.0_1/lib/avr-gcc/11/gcc/avr/11.1.0/../../../../../../avr/lib/
COLLECT_GCC_OPTIONS='-v' '-o' 'CMakeFiles/cmTC_1ac03.dir/CMakeCXXCompilerABI.cpp.obj' '-c' '-mdouble=32' '-mlong-double=64' '-specs=device-specs/specs-avr2' '-dumpdir' 'CMakeFiles/cmTC_1ac03.dir/CMakeCXXCompilerABI.cpp.'
Linking CXX executable cmTC_1ac03
/opt/homebrew/Cellar/cmake/3.20.3/bin/cmake -E cmake_link_script CMakeFiles/cmTC_1ac03.dir/link.txt --verbose=1
/usr/local/homebrew/opt/avr-gcc@11/bin/avr-g++  -v CMakeFiles/cmTC_1ac03.dir/CMakeCXXCompilerABI.cpp.obj -o cmTC_1ac03 
Using built-in specs.
Reading specs from /usr/local/homebrew/Cellar/avr-gcc@11/11.1.0_1/lib/avr-gcc/11/gcc/avr/11.1.0/device-specs/specs-avr2
COLLECT_GCC=/usr/local/homebrew/opt/avr-gcc@11/bin/avr-g++
COLLECT_LTO_WRAPPER=/usr/local/homebrew/Cellar/avr-gcc@11/11.1.0_1/libexec/gcc/avr/11.1.0/lto-wrapper
Target: avr
Configured with: ../configure --target=avr --prefix=/usr/local/homebrew/Cellar/avr-gcc@11/11.1.0_1 --libdir=/usr/local/homebrew/Cellar/avr-gcc@11/11.1.0_1/lib/avr-gcc/11 --enable-languages=c,c++ --with-ld=/usr/local/homebrew/opt/avr-binutils/bin/avr-ld --with-as=/usr/local/homebrew/opt/avr-binutils/bin/avr-as --disable-nls --disable-libssp --disable-shared --disable-threads --disable-libgomp --with-dwarf2 --with-avrlibc --with-system-zlib --with-pkgversion='Homebrew AVR GCC 11.1.0_1' --with-bugurl=https://github.com/osx-cross/homebrew-avr/issues SED=/usr/bin/sed
Thread model: single
Supported LTO compression algorithms: zlib
gcc version 11.1.0 (Homebrew AVR GCC 11.1.0_1) 
COMPILER_PATH=/usr/local/homebrew/Cellar/avr-gcc@11/11.1.0_1/libexec/gcc/avr/11.1.0/:/usr/local/homebrew/Cellar/avr-gcc@11/11.1.0_1/libexec/gcc/avr/11.1.0/:/usr/local/homebrew/Cellar/avr-gcc@11/11.1.0_1/libexec/gcc/avr/:/usr/local/homebrew/Cellar/avr-gcc@11/11.1.0_1/lib/avr-gcc/11/gcc/avr/11.1.0/:/usr/local/homebrew/Cellar/avr-gcc@11/11.1.0_1/lib/avr-gcc/11/gcc/avr/
LIBRARY_PATH=/usr/local/homebrew/Cellar/avr-gcc@11/11.1.0_1/lib/avr-gcc/11/gcc/avr/11.1.0/:/usr/local/homebrew/Cellar/avr-gcc@11/11.1.0_1/lib/avr-gcc/11/gcc/avr/11.1.0/../../../../../../avr/lib/
COLLECT_GCC_OPTIONS='-v' '-o' 'cmTC_1ac03' '-mdouble=32' '-mlong-double=64' '-specs=device-specs/specs-avr2' '-dumpdir' 'cmTC_1ac03.'
 /usr/local/homebrew/Cellar/avr-gcc@11/11.1.0_1/libexec/gcc/avr/11.1.0/collect2 -plugin /usr/local/homebrew/Cellar/avr-gcc@11/11.1.0_1/libexec/gcc/avr/11.1.0/liblto_plugin.so -plugin-opt=/usr/local/homebrew/Cellar/avr-gcc@11/11.1.0_1/libexec/gcc/avr/11.1.0/lto-wrapper -plugin-opt=-fresolution=/var/folders/j4/2mcjll591q9fl9n4_rp4w9g40000gn/T//ccjrS6Ss.res -plugin-opt=-pass-through=-lgcc -plugin-opt=-pass-through=-lm -plugin-opt=-pass-through=-lc -o cmTC_1ac03 -L/usr/local/homebrew/Cellar/avr-gcc@11/11.1.0_1/lib/avr-gcc/11/gcc/avr/11.1.0 -L/usr/local/homebrew/Cellar/avr-gcc@11/11.1.0_1/lib/avr-gcc/11/gcc/avr/11.1.0/../../../../../../avr/lib CMakeFiles/cmTC_1ac03.dir/CMakeCXXCompilerABI.cpp.obj -lgcc -lm --start-group -lgcc -lm -lc --end-group
COLLECT_GCC_OPTIONS='-v' '-o' 'cmTC_1ac03' '-mdouble=32' '-mlong-double=64' '-specs=device-specs/specs-avr2' '-dumpdir' 'cmTC_1ac03.'



Parsed CXX implicit include dir info from above output: rv=done
  found start of include info
  found start of implicit include info
    add: [/usr/local/homebrew/Cellar/avr-gcc@11/11.1.0_1/lib/avr-gcc/11/gcc/avr/11.1.0/include]
    add: [/usr/local/homebrew/Cellar/avr-gcc@11/11.1.0_1/lib/avr-gcc/11/gcc/avr/11.1.0/include-fixed]
    add: [/usr/local/homebrew/Cellar/avr-gcc@11/11.1.0_1/lib/avr-gcc/11/gcc/avr/11.1.0/../../../../../../avr/include]
  end of search list found
  collapse include dir [/usr/local/homebrew/Cellar/avr-gcc@11/11.1.0_1/lib/avr-gcc/11/gcc/avr/11.1.0/include] ==> [/usr/local/homebrew/Cellar/avr-gcc@11/11.1.0_1/lib/avr-gcc/11/gcc/avr/11.1.0/include]
  collapse include dir [/usr/local/homebrew/Cellar/avr-gcc@11/11.1.0_1/lib/avr-gcc/11/gcc/avr/11.1.0/include-fixed] ==> [/usr/local/homebrew/Cellar/avr-gcc@11/11.1.0_1/lib/avr-gcc/11/gcc/avr/11.1.0/include-fixed]
  collapse include dir [/usr/local/homebrew/Cellar/avr-gcc@11/11.1.0_1/lib/avr-gcc/11/gcc/avr/11.1.0/../../../../../../avr/include] ==> [/usr/local/homebrew/Cellar/avr-gcc@11/11.1.0_1/avr/include]
  implicit include dirs: [/usr/local/homebrew/Cellar/avr-gcc@11/11.1.0_1/lib/avr-gcc/11/gcc/avr/11.1.0/include;/usr/local/homebrew/Cellar/avr-gcc@11/11.1.0_1/lib/avr-gcc/11/gcc/avr/11.1.0/include-fixed;/usr/local/homebrew/Cellar/avr-gcc@11/11.1.0_1/avr/include]


Parsed CXX implicit link information from above output:
  link line regex: [^( *|.*[/\])(avr-ld|CMAKE_LINK_STARTFILE-NOTFOUND|([^/\]+-)?ld|collect2)[^/\]*( |$)]
  ignore line: [Change Dir: /Users/andersn/Fritid/Kabeltester/build/CMakeFiles/CMakeTmp]
  ignore line: []
  ignore line: [Run Build Command(s):/usr/bin/make -f Makefile cmTC_1ac03/fast && /Library/Developer/CommandLineTools/usr/bin/make  -f CMakeFiles/cmTC_1ac03.dir/build.make CMakeFiles/cmTC_1ac03.dir/build]
  ignore line: [Building CXX object CMakeFiles/cmTC_1ac03.dir/CMakeCXXCompilerABI.cpp.obj]
  ignore line: [/usr/local/homebrew/opt/avr-gcc@11/bin/avr-g++   -v -o CMakeFiles/cmTC_1ac03.dir/CMakeCXXCompilerABI.cpp.obj -c /opt/homebrew/Cellar/cmake/3.20.3/share/cmake/Modules/CMakeCXXCompilerABI.cpp]
  ignore line: [Using built-in specs.]
  ignore line: [Reading specs from /usr/local/homebrew/Cellar/avr-gcc@11/11.1.0_1/lib/avr-gcc/11/gcc/avr/11.1.0/device-specs/specs-avr2]
  ignore line: [COLLECT_GCC=/usr/local/homebrew/opt/avr-gcc@11/bin/avr-g++]
  ignore line: [Target: avr]
  ignore line: [Configured with: ../configure --target=avr --prefix=/usr/local/homebrew/Cellar/avr-gcc@11/11.1.0_1 --libdir=/usr/local/homebrew/Cellar/avr-gcc@11/11.1.0_1/lib/avr-gcc/11 --enable-languages=c,c++ --with-ld=/usr/local/homebrew/opt/avr-binutils/bin/avr-ld --with-as=/usr/local/homebrew/opt/avr-binutils/bin/avr-as --disable-nls --disable-libssp --disable-shared --disable-threads --disable-libgomp --with-dwarf2 --with-avrlibc --with-system-zlib --with-pkgversion='Homebrew AVR GCC 11.1.0_1' --with-bugurl=https://github.com/osx-cross/homebrew-avr/issues SED=/usr/bin/sed]
  ignore line: [Thread model: single]
  ignore line: [Supported LTO compression algorithms: zlib]
  ignore line: [gcc version 11.1.0 (Homebrew AVR GCC 11.1.0_1) ]
  ignore line: [COLLECT_GCC_OPTIONS='-v' '-o' 'CMakeFiles/cmTC_1ac03.dir/CMakeCXXCompilerABI.cpp.obj' '-c' '-mdouble=32' '-mlong-double=64' '-specs=device-specs/specs-avr2' '-dumpdir' 'CMakeFiles/cmTC_1ac03.dir/']
  ignore line: [ /usr/local/homebrew/Cellar/avr-gcc@11/11.1.0_1/libexec/gcc/avr/11.1.0/cc1plus -quiet -v /opt/homebrew/Cellar/cmake/3.20.3/share/cmake/Modules/CMakeCXXCompilerABI.cpp -mn-flash=6 -mskip-bug -quiet -dumpdir CMakeFiles/cmTC_1ac03.dir/ -dumpbase CMakeCXXCompilerABI.cpp.cpp -dumpbase-ext .cpp -mdouble=32 -mlong-double=64 -version -mn-flash=6 -mskip-bug -fno-rtti -fno-enforce-eh-specs -fno-exceptions -o /var/folders/j4/2mcjll591q9fl9n4_rp4w9g40000gn/T//ccoMvS15.s]
  ignore line: [GNU C++17 (Homebrew AVR GCC 11.1.0_1) version 11.1.0 (avr)]
  ignore line: [	compiled by GNU C version Apple LLVM 12.0.5 (clang-1205.0.22.9)  GMP version 6.2.1  MPFR version 4.1.0  MPC version 1.2.1  isl version isl-0.24-GMP]
  ignore line: []
  ignore line: [GGC heuristics: --param ggc-min-expand=100 --param ggc-min-heapsize=131072]
  ignore line: [ignoring nonexistent directory "/usr/local/homebrew/Cellar/avr-gcc@11/11.1.0_1/lib/avr-gcc/11/gcc/avr/11.1.0/../../../../../../avr/include/c++/11.1.0"]
  ignore line: [ignoring nonexistent directory "/usr/local/homebrew/Cellar/avr-gcc@11/11.1.0_1/lib/avr-gcc/11/gcc/avr/11.1.0/../../../../../../avr/include/c++/11.1.0/avr"]
  ignore line: [ignoring nonexistent directory "/usr/local/homebrew/Cellar/avr-gcc@11/11.1.0_1/lib/avr-gcc/11/gcc/avr/11.1.0/../../../../../../avr/include/c++/11.1.0/backward"]
  ignore line: [ignoring nonexistent directory "/usr/local/homebrew/Cellar/avr-gcc@11/11.1.0_1/lib/avr-gcc/11/gcc/avr/11.1.0/../../../../../../avr/sys-include"]
  ignore line: [#include "..." search starts here:]
  ignore line: [#include <...> search starts here:]
  ignore line: [ /usr/local/homebrew/Cellar/avr-gcc@11/11.1.0_1/lib/avr-gcc/11/gcc/avr/11.1.0/include]
  ignore line: [ /usr/local/homebrew/Cellar/avr-gcc@11/11.1.0_1/lib/avr-gcc/11/gcc/avr/11.1.0/include-fixed]
  ignore line: [ /usr/local/homebrew/Cellar/avr-gcc@11/11.1.0_1/lib/avr-gcc/11/gcc/avr/11.1.0/../../../../../../avr/include]
  ignore line: [End of search list.]
  ignore line: [GNU C++17 (Homebrew AVR GCC 11.1.0_1) version 11.1.0 (avr)]
  ignore line: [	compiled by GNU C version Apple LLVM 12.0.5 (clang-1205.0.22.9)  GMP version 6.2.1  MPFR version 4.1.0  MPC version 1.2.1  isl version isl-0.24-GMP]
  ignore line: []
  ignore line: [GGC heuristics: --param ggc-min-expand=100 --param ggc-min-heapsize=131072]
  ignore line: [Compiler executable checksum: 7f12f16f87ca2a71925441d6874636d8]
  ignore line: [COLLECT_GCC_OPTIONS='-v' '-o' 'CMakeFiles/cmTC_1ac03.dir/CMakeCXXCompilerABI.cpp.obj' '-c' '-mdouble=32' '-mlong-double=64' '-specs=device-specs/specs-avr2' '-dumpdir' 'CMakeFiles/cmTC_1ac03.dir/']
  ignore line: [ /usr/local/homebrew/opt/avr-binutils/bin/avr-as -v -mmcu=avr2 -mgcc-isr -o CMakeFiles/cmTC_1ac03.dir/CMakeCXXCompilerABI.cpp.obj /var/folders/j4/2mcjll591q9fl9n4_rp4w9g40000gn/T//ccoMvS15.s]
  ignore line: [GNU assembler version 2.36.1 (avr) using BFD version (GNU Binutils) 2.36.1]
  ignore line: [COMPILER_PATH=/usr/local/homebrew/Cellar/avr-gcc@11/11.1.0_1/libexec/gcc/avr/11.1.0/:/usr/local/homebrew/Cellar/avr-gcc@11/11.1.0_1/libexec/gcc/avr/11.1.0/:/usr/local/homebrew/Cellar/avr-gcc@11/11.1.0_1/libexec/gcc/avr/:/usr/local/homebrew/Cellar/avr-gcc@11/11.1.0_1/lib/avr-gcc/11/gcc/avr/11.1.0/:/usr/local/homebrew/Cellar/avr-gcc@11/11.1.0_1/lib/avr-gcc/11/gcc/avr/]
  ignore line: [LIBRARY_PATH=/usr/local/homebrew/Cellar/avr-gcc@11/11.1.0_1/lib/avr-gcc/11/gcc/avr/11.1.0/:/usr/local/homebrew/Cellar/avr-gcc@11/11.1.0_1/lib/avr-gcc/11/gcc/avr/11.1.0/../../../../../../avr/lib/]
  ignore line: [COLLECT_GCC_OPTIONS='-v' '-o' 'CMakeFiles/cmTC_1ac03.dir/CMakeCXXCompilerABI.cpp.obj' '-c' '-mdouble=32' '-mlong-double=64' '-specs=device-specs/specs-avr2' '-dumpdir' 'CMakeFiles/cmTC_1ac03.dir/CMakeCXXCompilerABI.cpp.']
  ignore line: [Linking CXX executable cmTC_1ac03]
  ignore line: [/opt/homebrew/Cellar/cmake/3.20.3/bin/cmake -E cmake_link_script CMakeFiles/cmTC_1ac03.dir/link.txt --verbose=1]
  ignore line: [/usr/local/homebrew/opt/avr-gcc@11/bin/avr-g++  -v CMakeFiles/cmTC_1ac03.dir/CMakeCXXCompilerABI.cpp.obj -o cmTC_1ac03 ]
  ignore line: [Using built-in specs.]
  ignore line: [Reading specs from /usr/local/homebrew/Cellar/avr-gcc@11/11.1.0_1/lib/avr-gcc/11/gcc/avr/11.1.0/device-specs/specs-avr2]
  ignore line: [COLLECT_GCC=/usr/local/homebrew/opt/avr-gcc@11/bin/avr-g++]
  ignore line: [COLLECT_LTO_WRAPPER=/usr/local/homebrew/Cellar/avr-gcc@11/11.1.0_1/libexec/gcc/avr/11.1.0/lto-wrapper]
  ignore line: [Target: avr]
  ignore line: [Configured with: ../configure --target=avr --prefix=/usr/local/homebrew/Cellar/avr-gcc@11/11.1.0_1 --libdir=/usr/local/homebrew/Cellar/avr-gcc@11/11.1.0_1/lib/avr-gcc/11 --enable-languages=c,c++ --with-ld=/usr/local/homebrew/opt/avr-binutils/bin/avr-ld --with-as=/usr/local/homebrew/opt/avr-binutils/bin/avr-as --disable-nls --disable-libssp --disable-shared --disable-threads --disable-libgomp --with-dwarf2 --with-avrlibc --with-system-zlib --with-pkgversion='Homebrew AVR GCC 11.1.0_1' --with-bugurl=https://github.com/osx-cross/homebrew-avr/issues SED=/usr/bin/sed]
  ignore line: [Thread model: single]
  ignore line: [Supported LTO compression algorithms: zlib]
  ignore line: [gcc version 11.1.0 (Homebrew AVR GCC 11.1.0_1) ]
  ignore line: [COMPILER_PATH=/usr/local/homebrew/Cellar/avr-gcc@11/11.1.0_1/libexec/gcc/avr/11.1.0/:/usr/local/homebrew/Cellar/avr-gcc@11/11.1.0_1/libexec/gcc/avr/11.1.0/:/usr/local/homebrew/Cellar/avr-gcc@11/11.1.0_1/libexec/gcc/avr/:/usr/local/homebrew/Cellar/avr-gcc@11/11.1.0_1/lib/avr-gcc/11/gcc/avr/11.1.0/:/usr/local/homebrew/Cellar/avr-gcc@11/11.1.0_1/lib/avr-gcc/11/gcc/avr/]
  ignore line: [LIBRARY_PATH=/usr/local/homebrew/Cellar/avr-gcc@11/11.1.0_1/lib/avr-gcc/11/gcc/avr/11.1.0/:/usr/local/homebrew/Cellar/avr-gcc@11/11.1.0_1/lib/avr-gcc/11/gcc/avr/11.1.0/../../../../../../avr/lib/]
  ignore line: [COLLECT_GCC_OPTIONS='-v' '-o' 'cmTC_1ac03' '-mdouble=32' '-mlong-double=64' '-specs=device-specs/specs-avr2' '-dumpdir' 'cmTC_1ac03.']
  link line: [ /usr/local/homebrew/Cellar/avr-gcc@11/11.1.0_1/libexec/gcc/avr/11.1.0/collect2 -plugin /usr/local/homebrew/Cellar/avr-gcc@11/11.1.0_1/libexec/gcc/avr/11.1.0/liblto_plugin.so -plugin-opt=/usr/local/homebrew/Cellar/avr-gcc@11/11.1.0_1/libexec/gcc/avr/11.1.0/lto-wrapper -plugin-opt=-fresolution=/var/folders/j4/2mcjll591q9fl9n4_rp4w9g40000gn/T//ccjrS6Ss.res -plugin-opt=-pass-through=-lgcc -plugin-opt=-pass-through=-lm -plugin-opt=-pass-through=-lc -o cmTC_1ac03 -L/usr/local/homebrew/Cellar/avr-gcc@11/11.1.0_1/lib/avr-gcc/11/gcc/avr/11.1.0 -L/usr/local/homebrew/Cellar/avr-gcc@11/11.1.0_1/lib/avr-gcc/11/gcc/avr/11.1.0/../../../../../../avr/lib CMakeFiles/cmTC_1ac03.dir/CMakeCXXCompilerABI.cpp.obj -lgcc -lm --start-group -lgcc -lm -lc --end-group]
    arg [/usr/local/homebrew/Cellar/avr-gcc@11/11.1.0_1/libexec/gcc/avr/11.1.0/collect2] ==> ignore
    arg [-plugin] ==> ignore
    arg [/usr/local/homebrew/Cellar/avr-gcc@11/11.1.0_1/libexec/gcc/avr/11.1.0/liblto_plugin.so] ==> ignore
    arg [-plugin-opt=/usr/local/homebrew/Cellar/avr-gcc@11/11.1.0_1/libexec/gcc/avr/11.1.0/lto-wrapper] ==> ignore
    arg [-plugin-opt=-fresolution=/var/folders/j4/2mcjll591q9fl9n4_rp4w9g40000gn/T//ccjrS6Ss.res] ==> ignore
    arg [-plugin-opt=-pass-through=-lgcc] ==> ignore
    arg [-plugin-opt=-pass-through=-lm] ==> ignore
    arg [-plugin-opt=-pass-through=-lc] ==> ignore
    arg [-o] ==> ignore
    arg [cmTC_1ac03] ==> ignore
    arg [-L/usr/local/homebrew/Cellar/avr-gcc@11/11.1.0_1/lib/avr-gcc/11/gcc/avr/11.1.0] ==> dir [/usr/local/homebrew/Cellar/avr-gcc@11/11.1.0_1/lib/avr-gcc/11/gcc/avr/11.1.0]
    arg [-L/usr/local/homebrew/Cellar/avr-gcc@11/11.1.0_1/lib/avr-gcc/11/gcc/avr/11.1.0/../../../../../../avr/lib] ==> dir [/usr/local/homebrew/Cellar/avr-gcc@11/11.1.0_1/lib/avr-gcc/11/gcc/avr/11.1.0/../../../../../../avr/lib]
    arg [CMakeFiles/cmTC_1ac03.dir/CMakeCXXCompilerABI.cpp.obj] ==> ignore
    arg [-lgcc] ==> lib [gcc]
    arg [-lm] ==> lib [m]
    arg [--start-group] ==> ignore
    arg [-lgcc] ==> lib [gcc]
    arg [-lm] ==> lib [m]
    arg [-lc] ==> lib [c]
    arg [--end-group] ==> ignore
  collapse library dir [/usr/local/homebrew/Cellar/avr-gcc@11/11.1.0_1/lib/avr-gcc/11/gcc/avr/11.1.0] ==> [/usr/local/homebrew/Cellar/avr-gcc@11/11.1.0_1/lib/avr-gcc/11/gcc/avr/11.1.0]
  collapse library dir [/usr/local/homebrew/Cellar/avr-gcc@11/11.1.0_1/lib/avr-gcc/11/gcc/avr/11.1.0/../../../../../../avr/lib] ==> [/usr/local/homebrew/Cellar/avr-gcc@11/11.1.0_1/avr/lib]
  implicit libs: [gcc;m;gcc;m;c]
  implicit objs: []
  implicit dirs: [/usr/local/homebrew/Cellar/avr-gcc@11/11.1.0_1/lib/avr-gcc/11/gcc/avr/11.1.0;/usr/local/homebrew/Cellar/avr-gcc@11/11.1.0_1/avr/lib]
  implicit fwks: []


